<?xml version="1.0" encoding="UTF-8"?>
<!-- Generated by org.testng.reporters.JUnitXMLReporter -->
<testsuite hostname="LAPTOP-EGH7314D" ignored="0" name="Default test" tests="1" failures="1" timestamp="2021-01-28T15:59:28 IST" time="10.486" errors="0">
  <testcase name="runScenario" time="9.896" classname="io.cucumber.testng.AbstractTestNGCucumberTests">
    <failure type="java.lang.NullPointerException">
      <![CDATA[java.lang.NullPointerException
at pages.GooglePage.fillText(GooglePage.java:34)
at gluecode.Stepdefs1.method2(Stepdefs1.java:37)
at ✽.enter text in text box "abdulkalam"(file:///D:/magnitia/org.BDDgoogle/src/test/resources/feature1.feature:7)
]]>
    </failure>
  </testcase> <!-- runScenario -->
</testsuite> <!-- Default test -->
