<?xml version="1.0" encoding="UTF-8"?>
<!-- Generated by org.testng.reporters.JUnitReportReporter -->
<testsuite skipped="0" hostname="LAPTOP-EGH7314D" name="tests.Runner1" tests="1" failures="0" timestamp="2021-01-28T15:59:29 IST" time="9.896" errors="1">
  <testcase name="runScenario" time="9.896" classname="tests.Runner1">
    <error type="java.lang.NullPointerException">
      <![CDATA[java.lang.NullPointerException
at pages.GooglePage.fillText(GooglePage.java:34)
at gluecode.Stepdefs1.method2(Stepdefs1.java:37)
at ✽.enter text in text box "abdulkalam"(file:///D:/magnitia/org.BDDgoogle/src/test/resources/feature1.feature:7)
]]>
    </error>
  </testcase> <!-- runScenario -->
  <system-out/>
</testsuite> <!-- tests.Runner1 -->
